2025-04-03 10:04:25,839 - INFO - Starting Sentiment Analysis Pipeline...
2025-04-03 10:04:25,839 - INFO - Loading raw data...
2025-04-03 10:04:25,839 - INFO - Opening Excel File...
2025-04-03 10:06:08,741 - INFO - Starting Sentiment Analysis Pipeline...
2025-04-03 10:06:08,741 - INFO - Loading raw data...
2025-04-03 10:06:08,742 - INFO - Opening Excel File...
2025-04-03 10:12:36,765 - INFO - Starting Sentiment Analysis Pipeline...
2025-04-03 10:12:36,766 - INFO - Loading raw data...
2025-04-03 10:12:36,766 - INFO - Opening Excel File...
2025-04-03 10:12:37,237 - INFO - Data successfully written to raw_data table.
2025-04-03 10:12:37,237 - INFO - Training the model...
2025-04-03 10:15:38,913 - INFO - Starting Sentiment Analysis Pipeline...
2025-04-03 10:15:38,915 - INFO - Loading raw data...
2025-04-03 10:15:38,915 - INFO - Opening Excel File...
2025-04-03 10:15:39,416 - INFO - Data successfully written to raw_data table.
2025-04-03 10:15:39,416 - INFO - Training the model...
2025-04-03 10:17:42,421 - INFO - Starting Sentiment Analysis Pipeline...
2025-04-03 10:17:42,422 - INFO - Loading raw data...
2025-04-03 10:17:42,422 - INFO - Opening Excel File...
2025-04-03 10:17:42,885 - INFO - Data successfully written to raw_data table.
2025-04-03 10:17:42,885 - INFO - Training the model...
2025-04-03 10:19:11,709 - INFO - Starting Sentiment Analysis Pipeline...
2025-04-03 10:19:11,709 - INFO - Loading raw data...
2025-04-03 10:19:11,709 - INFO - Opening Excel File...
2025-04-03 10:19:12,180 - INFO - Data successfully written to raw_data table.
2025-04-03 10:19:12,180 - INFO - Training the model...
2025-04-03 10:23:54,548 - INFO - Starting Sentiment Analysis Pipeline...
2025-04-03 10:23:54,548 - INFO - Loading raw data...
2025-04-03 10:23:54,548 - INFO - Opening Excel File...
2025-04-03 10:23:55,027 - INFO - Data successfully written to raw_data table.
2025-04-03 10:23:55,027 - INFO - Training the model...
2025-04-03 10:24:36,969 - INFO - Starting Sentiment Analysis Pipeline...
2025-04-03 10:24:36,969 - INFO - Loading raw data...
2025-04-03 10:24:36,969 - INFO - Opening Excel File...
2025-04-03 10:24:37,485 - INFO - Data successfully written to raw_data table.
2025-04-03 10:24:37,485 - INFO - Training the model...
2025-04-03 10:25:26,535 - INFO - Starting Sentiment Analysis Pipeline...
2025-04-03 10:25:26,535 - INFO - Loading raw data...
2025-04-03 10:25:26,535 - INFO - Opening Excel File...
2025-04-03 10:25:27,040 - INFO - Data successfully written to raw_data table.
2025-04-03 10:25:27,041 - INFO - Training the model...
2025-04-03 10:28:06,151 - INFO - Starting Sentiment Analysis Pipeline...
2025-04-03 10:28:06,152 - INFO - Loading raw data...
2025-04-03 10:28:06,152 - INFO - Opening Excel File...
2025-04-03 10:28:06,661 - INFO - Data successfully written to raw_data table.
2025-04-03 10:28:06,661 - INFO - Training the model...
2025-04-03 10:29:38,265 - INFO - Starting Sentiment Analysis Pipeline...
2025-04-03 10:29:38,265 - INFO - Loading raw data...
2025-04-03 10:29:38,265 - INFO - Opening Excel File...
2025-04-03 10:29:38,716 - INFO - Data successfully written to raw_data table.
2025-04-03 10:29:38,716 - INFO - Training the model...
2025-04-03 10:53:04,446 - INFO - Starting Sentiment Analysis Pipeline...
2025-04-03 10:53:04,446 - INFO - Loading raw data...
2025-04-03 10:53:04,446 - INFO - Opening Excel File...
2025-04-03 10:53:04,940 - INFO - Data successfully written to raw_data table.
2025-04-03 10:53:04,940 - INFO - Training the model...
2025-04-03 10:53:04,967 - INFO - saving logistic regression...
2025-04-03 10:55:47,329 - INFO - Starting Sentiment Analysis Pipeline...
2025-04-03 10:55:47,329 - INFO - Loading raw data...
2025-04-03 10:55:47,330 - INFO - Opening Excel File...
2025-04-03 10:55:47,869 - INFO - Data successfully written to raw_data table.
2025-04-03 10:55:47,869 - INFO - Training the model...
2025-04-03 10:55:47,881 - INFO - saving logistic regression...
2025-04-03 11:15:24,427 - INFO - Starting Sentiment Analysis Pipeline...
2025-04-03 11:15:24,428 - INFO - Loading raw data...
2025-04-03 11:15:24,428 - INFO - Opening Excel File...
2025-04-03 11:15:25,072 - INFO - Data successfully written to raw_data table.
2025-04-03 11:15:25,072 - INFO - Training the model...
2025-04-03 11:15:25,110 - INFO - saving logistic regression...
2025-04-03 11:16:20,474 - INFO - Starting Sentiment Analysis Pipeline...
2025-04-03 11:16:20,474 - INFO - Loading raw data...
2025-04-03 11:16:20,474 - INFO - Opening Excel File...
2025-04-03 11:16:20,966 - INFO - Data successfully written to raw_data table.
2025-04-03 11:16:20,966 - INFO - Training the model...
2025-04-03 11:16:20,977 - INFO - saving logistic regression...
2025-04-03 11:16:46,914 - INFO - Starting Sentiment Analysis Pipeline...
2025-04-03 11:16:46,914 - INFO - Loading raw data...
2025-04-03 11:16:46,914 - INFO - Opening Excel File...
2025-04-03 11:16:47,403 - INFO - Data successfully written to raw_data table.
2025-04-03 11:16:47,403 - INFO - Training the model...
2025-04-03 11:16:47,413 - INFO - saving logistic regression...
2025-04-03 11:43:26,264 - INFO - Starting Sentiment Analysis Pipeline...
2025-04-03 11:43:26,265 - INFO - Loading raw data...
2025-04-03 11:43:26,265 - INFO - Opening Excel File...
2025-04-03 11:43:26,865 - INFO - Data successfully written to raw_data table.
2025-04-03 11:43:26,865 - INFO - Training the model...
2025-04-03 11:43:26,891 - INFO - saving logistic regression...
2025-04-03 11:54:33,614 - INFO - Starting Sentiment Analysis Pipeline...
2025-04-03 11:54:33,615 - INFO - Loading raw data...
2025-04-03 11:54:33,615 - INFO - Opening Excel File...
2025-04-03 11:54:34,114 - INFO - Data successfully written to raw_data table.
2025-04-03 11:54:34,115 - INFO - Training the model...
2025-04-03 11:57:14,879 - INFO - Starting Sentiment Analysis Pipeline...
2025-04-03 11:57:14,879 - INFO - Loading raw data...
2025-04-03 11:57:14,880 - INFO - Opening Excel File...
2025-04-03 11:57:15,380 - INFO - Data successfully written to raw_data table.
2025-04-03 11:57:15,381 - INFO - Training the model...
2025-04-03 11:57:15,396 - INFO - saving logistic regression...
2025-04-03 11:58:57,786 - INFO - Starting Sentiment Analysis Pipeline...
2025-04-03 11:58:57,786 - INFO - Loading raw data...
2025-04-03 11:58:57,787 - INFO - Opening Excel File...
2025-04-03 11:58:58,302 - INFO - Data successfully written to raw_data table.
2025-04-03 11:58:58,302 - INFO - Training the model...
2025-04-03 11:58:58,318 - INFO - saving Knn regression...
2025-04-03 12:16:43,711 - INFO - Starting Sentiment Analysis Pipeline...
2025-04-03 12:16:43,712 - INFO - Loading raw data...
2025-04-03 12:16:43,712 - INFO - Opening Excel File...
2025-04-03 12:16:44,327 - INFO - Data successfully written to raw_data table.
2025-04-03 12:16:44,327 - INFO - Training the model...
2025-04-03 12:16:44,343 - INFO - saving Knn regression...
2025-04-03 12:17:32,412 - INFO - Starting Sentiment Analysis Pipeline...
2025-04-03 12:17:32,412 - INFO - Loading raw data...
2025-04-03 12:17:32,412 - INFO - Opening Excel File...
2025-04-03 12:17:32,941 - INFO - Data successfully written to raw_data table.
2025-04-03 12:17:32,941 - INFO - Training the model...
2025-04-03 12:17:32,951 - INFO - saving Knn regression...
2025-04-03 12:17:32,961 - INFO - saving Knn regression...
